2017-02-05 13:13:40,251 ERROR c.g.a.m.p.PerformCalcByJS [AWT-EventQueue-0] Невалидная строка <eval>:1 ReferenceError: "ddd" is not defined
	at jdk.nashorn.internal.runtime.ECMAErrors.error(ECMAErrors.java:57)
	at jdk.nashorn.internal.runtime.ECMAErrors.referenceError(ECMAErrors.java:319)
	at jdk.nashorn.internal.runtime.ECMAErrors.referenceError(ECMAErrors.java:291)
	at jdk.nashorn.internal.objects.Global.__noSuchProperty__(Global.java:1426)
	at jdk.nashorn.internal.scripts.Script$\^eval\_.:program(<eval>:1)
	at jdk.nashorn.internal.runtime.ScriptFunctionData.invoke(ScriptFunctionData.java:637)
	at jdk.nashorn.internal.runtime.ScriptFunction.invoke(ScriptFunction.java:494)
	at jdk.nashorn.internal.runtime.ScriptRuntime.apply(ScriptRuntime.java:393)
	at jdk.nashorn.api.scripting.NashornScriptEngine.evalImpl(NashornScriptEngine.java:446)
	at jdk.nashorn.api.scripting.NashornScriptEngine.evalImpl(NashornScriptEngine.java:403)
	at jdk.nashorn.api.scripting.NashornScriptEngine.evalImpl(NashornScriptEngine.java:399)
	at jdk.nashorn.api.scripting.NashornScriptEngine.eval(NashornScriptEngine.java:155)
	at javax.script.AbstractScriptEngine.eval(AbstractScriptEngine.java:264)
	at com.gmail.andreyksu.modelpack.pefrormcalc.PerformCalcByJS.performingCalculations(PerformCalcByJS.java:30)
	at com.gmail.andreyksu.model.CalcModel.performCalc(CalcModel.java:55)
	at com.gmail.andreyksu.controller.CalcController.performCalc(CalcController.java:58)
	at com.gmail.andreyksu.viewpack.PanelCalc$PerformPanel$1.mouseClicked(PanelCalc.java:133)
	at java.awt.Component.processMouseEvent(Component.java:6536)
	at java.awt.Component.processEvent(Component.java:6298)
	at java.awt.Button.processEvent(Button.java:380)
	at java.awt.Component.dispatchEventImpl(Component.java:4889)
	at java.awt.Component.dispatchEvent(Component.java:4711)
	at java.awt.EventQueue.dispatchEventImpl(EventQueue.java:758)
	at java.awt.EventQueue.access$500(EventQueue.java:97)
	at java.awt.EventQueue$3.run(EventQueue.java:709)
	at java.awt.EventQueue$3.run(EventQueue.java:703)
	at java.security.AccessController.doPrivileged(Native Method)
	at java.security.ProtectionDomain$JavaSecurityAccessImpl.doIntersectionPrivilege(ProtectionDomain.java:76)
	at java.security.ProtectionDomain$JavaSecurityAccessImpl.doIntersectionPrivilege(ProtectionDomain.java:86)
	at java.awt.EventQueue$4.run(EventQueue.java:731)
	at java.awt.EventQueue$4.run(EventQueue.java:729)
	at java.security.AccessController.doPrivileged(Native Method)
	at java.security.ProtectionDomain$JavaSecurityAccessImpl.doIntersectionPrivilege(ProtectionDomain.java:76)
	at java.awt.EventQueue.dispatchEvent(EventQueue.java:728)
	at java.awt.EventDispatchThread.pumpOneEventForFilters(EventDispatchThread.java:201)
	at java.awt.EventDispatchThread.pumpEventsForFilter(EventDispatchThread.java:116)
	at java.awt.EventDispatchThread.pumpEventsForHierarchy(EventDispatchThread.java:105)
	at java.awt.EventDispatchThread.pumpEvents(EventDispatchThread.java:101)
	at java.awt.EventDispatchThread.pumpEvents(EventDispatchThread.java:93)
	at java.awt.EventDispatchThread.run(EventDispatchThread.java:82)

2017-02-05 13:13:48,571 ERROR c.g.a.m.p.PerformCalcByJS [AWT-EventQueue-0] Невалидная строка jdk.nashorn.internal.runtime.ParserException: <eval>:1:0 Invalid left hand side for assignment
4=0
^
	at jdk.nashorn.internal.parser.AbstractParser.error(AbstractParser.java:267)
	at jdk.nashorn.internal.parser.Parser.referenceError(Parser.java:3046)
	at jdk.nashorn.internal.parser.Parser.verifyAssignment(Parser.java:637)
	at jdk.nashorn.internal.parser.Parser.expression(Parser.java:3341)
	at jdk.nashorn.internal.parser.Parser.expression(Parser.java:3282)
	at jdk.nashorn.internal.parser.Parser.expressionStatement(Parser.java:1150)
	at jdk.nashorn.internal.parser.Parser.statement(Parser.java:967)
	at jdk.nashorn.internal.parser.Parser.sourceElements(Parser.java:773)
	at jdk.nashorn.internal.parser.Parser.program(Parser.java:709)
	at jdk.nashorn.internal.parser.Parser.parse(Parser.java:283)
	at jdk.nashorn.internal.parser.Parser.parse(Parser.java:249)
	at jdk.nashorn.internal.runtime.Context.compile(Context.java:1286)
	at jdk.nashorn.internal.runtime.Context.compileScript(Context.java:1253)
	at jdk.nashorn.internal.runtime.Context.compileScript(Context.java:625)
	at jdk.nashorn.api.scripting.NashornScriptEngine.compileImpl(NashornScriptEngine.java:532)
	at jdk.nashorn.api.scripting.NashornScriptEngine.compileImpl(NashornScriptEngine.java:521)
	at jdk.nashorn.api.scripting.NashornScriptEngine.evalImpl(NashornScriptEngine.java:399)
	at jdk.nashorn.api.scripting.NashornScriptEngine.eval(NashornScriptEngine.java:155)
	at javax.script.AbstractScriptEngine.eval(AbstractScriptEngine.java:264)
	at com.gmail.andreyksu.modelpack.pefrormcalc.PerformCalcByJS.performingCalculations(PerformCalcByJS.java:30)
	at com.gmail.andreyksu.model.CalcModel.performCalc(CalcModel.java:55)
	at com.gmail.andreyksu.controller.CalcController.performCalc(CalcController.java:58)
	at com.gmail.andreyksu.viewpack.PanelCalc$PerformPanel$1.mouseClicked(PanelCalc.java:133)
	at java.awt.Component.processMouseEvent(Component.java:6536)
	at java.awt.Component.processEvent(Component.java:6298)
	at java.awt.Button.processEvent(Button.java:380)
	at java.awt.Component.dispatchEventImpl(Component.java:4889)
	at java.awt.Component.dispatchEvent(Component.java:4711)
	at java.awt.EventQueue.dispatchEventImpl(EventQueue.java:758)
	at java.awt.EventQueue.access$500(EventQueue.java:97)
	at java.awt.EventQueue$3.run(EventQueue.java:709)
	at java.awt.EventQueue$3.run(EventQueue.java:703)
	at java.security.AccessController.doPrivileged(Native Method)
	at java.security.ProtectionDomain$JavaSecurityAccessImpl.doIntersectionPrivilege(ProtectionDomain.java:76)
	at java.security.ProtectionDomain$JavaSecurityAccessImpl.doIntersectionPrivilege(ProtectionDomain.java:86)
	at java.awt.EventQueue$4.run(EventQueue.java:731)
	at java.awt.EventQueue$4.run(EventQueue.java:729)
	at java.security.AccessController.doPrivileged(Native Method)
	at java.security.ProtectionDomain$JavaSecurityAccessImpl.doIntersectionPrivilege(ProtectionDomain.java:76)
	at java.awt.EventQueue.dispatchEvent(EventQueue.java:728)
	at java.awt.EventDispatchThread.pumpOneEventForFilters(EventDispatchThread.java:201)
	at java.awt.EventDispatchThread.pumpEventsForFilter(EventDispatchThread.java:116)
	at java.awt.EventDispatchThread.pumpEventsForHierarchy(EventDispatchThread.java:105)
	at java.awt.EventDispatchThread.pumpEvents(EventDispatchThread.java:101)
	at java.awt.EventDispatchThread.pumpEvents(EventDispatchThread.java:93)
	at java.awt.EventDispatchThread.run(EventDispatchThread.java:82)

2017-02-05 13:16:48,163 ERROR c.g.a.m.p.PerformCalcByJS [AWT-EventQueue-0] Невалидная строка <eval>:1 ReferenceError: "fff" is not defined
	at jdk.nashorn.internal.runtime.ECMAErrors.error(ECMAErrors.java:57)
	at jdk.nashorn.internal.runtime.ECMAErrors.referenceError(ECMAErrors.java:319)
	at jdk.nashorn.internal.runtime.ECMAErrors.referenceError(ECMAErrors.java:291)
	at jdk.nashorn.internal.objects.Global.__noSuchProperty__(Global.java:1426)
	at jdk.nashorn.internal.scripts.Script$\^eval\_.:program(<eval>:1)
	at jdk.nashorn.internal.runtime.ScriptFunctionData.invoke(ScriptFunctionData.java:637)
	at jdk.nashorn.internal.runtime.ScriptFunction.invoke(ScriptFunction.java:494)
	at jdk.nashorn.internal.runtime.ScriptRuntime.apply(ScriptRuntime.java:393)
	at jdk.nashorn.api.scripting.NashornScriptEngine.evalImpl(NashornScriptEngine.java:446)
	at jdk.nashorn.api.scripting.NashornScriptEngine.evalImpl(NashornScriptEngine.java:403)
	at jdk.nashorn.api.scripting.NashornScriptEngine.evalImpl(NashornScriptEngine.java:399)
	at jdk.nashorn.api.scripting.NashornScriptEngine.eval(NashornScriptEngine.java:155)
	at javax.script.AbstractScriptEngine.eval(AbstractScriptEngine.java:264)
	at com.gmail.andreyksu.modelpack.pefrormcalc.PerformCalcByJS.performingCalculations(PerformCalcByJS.java:30)
	at com.gmail.andreyksu.model.CalcModel.performCalc(CalcModel.java:55)
	at com.gmail.andreyksu.controller.CalcController.performCalc(CalcController.java:58)
	at com.gmail.andreyksu.viewer.PanelCalc$PerformPanel$1.mouseClicked(PanelCalc.java:133)
	at java.awt.Component.processMouseEvent(Component.java:6536)
	at java.awt.Component.processEvent(Component.java:6298)
	at java.awt.Button.processEvent(Button.java:380)
	at java.awt.Component.dispatchEventImpl(Component.java:4889)
	at java.awt.Component.dispatchEvent(Component.java:4711)
	at java.awt.EventQueue.dispatchEventImpl(EventQueue.java:758)
	at java.awt.EventQueue.access$500(EventQueue.java:97)
	at java.awt.EventQueue$3.run(EventQueue.java:709)
	at java.awt.EventQueue$3.run(EventQueue.java:703)
	at java.security.AccessController.doPrivileged(Native Method)
	at java.security.ProtectionDomain$JavaSecurityAccessImpl.doIntersectionPrivilege(ProtectionDomain.java:76)
	at java.security.ProtectionDomain$JavaSecurityAccessImpl.doIntersectionPrivilege(ProtectionDomain.java:86)
	at java.awt.EventQueue$4.run(EventQueue.java:731)
	at java.awt.EventQueue$4.run(EventQueue.java:729)
	at java.security.AccessController.doPrivileged(Native Method)
	at java.security.ProtectionDomain$JavaSecurityAccessImpl.doIntersectionPrivilege(ProtectionDomain.java:76)
	at java.awt.EventQueue.dispatchEvent(EventQueue.java:728)
	at java.awt.EventDispatchThread.pumpOneEventForFilters(EventDispatchThread.java:201)
	at java.awt.EventDispatchThread.pumpEventsForFilter(EventDispatchThread.java:116)
	at java.awt.EventDispatchThread.pumpEventsForHierarchy(EventDispatchThread.java:105)
	at java.awt.EventDispatchThread.pumpEvents(EventDispatchThread.java:101)
	at java.awt.EventDispatchThread.pumpEvents(EventDispatchThread.java:93)
	at java.awt.EventDispatchThread.run(EventDispatchThread.java:82)

2017-02-05 13:58:58,004 INFO c.g.a.m.p.p.ValidatorExpressionForRPN [AWT-EventQueue-0] Start time validate: 34997 
2017-02-05 13:58:58,019 INFO c.g.a.m.p.p.CalculatorWithRPN [AWT-EventQueue-0] Raw String:  d 
2017-02-05 13:58:58,019 INFO c.g.a.m.p.p.CalculatorWithRPN [AWT-EventQueue-0] Ready string to polish pars:  d 
2017-02-05 13:58:58,020 INFO c.g.a.m.p.p.CalculatorWithRPN [AWT-EventQueue-0] Polish string:  [d] 
2017-02-05 13:59:54,100 INFO c.g.a.m.p.p.ValidatorExpressionForRPN [AWT-EventQueue-0] Start time validate: 9960 
2017-02-05 13:59:54,100 INFO c.g.a.m.p.p.CalculatorWithRPN [AWT-EventQueue-0] Raw String:  7+9 
2017-02-05 13:59:54,100 INFO c.g.a.m.p.p.CalculatorWithRPN [AWT-EventQueue-0] Ready string to polish pars:  7+9 
2017-02-05 13:59:54,101 INFO c.g.a.m.p.p.CalculatorWithRPN [AWT-EventQueue-0] Polish string:  [7, 9, +] 
2017-02-05 14:00:17,007 INFO c.g.a.m.p.p.ValidatorExpressionForRPN [AWT-EventQueue-0] Start time validate: 7454 
2017-02-05 14:00:17,007 ERROR c.g.a.m.p.p.CalculatorWithRPN [AWT-EventQueue-0] Невалидная строка. Невозможно произвести расчет. 
